<?xml version="1.0" encoding="UTF-8"?>
<testsuite name="Scenario: Verify Get Editorial Version" time="0.006" tests="8" errors="0" skipped="0" failures="0">
  <properties>
[...]
</properties>
  <testcase name="Given I have data for new editorial version" classname="Scenario: Verify Create Editorial Version" time="0.002"/>
  <testcase name="When I make a create request for new editorial version" classname="Scenario: Verify Create Editorial Version" time="0"/>
  <testcase name="Then I should get response with created action" classname="Scenario: Verify Create Editorial Version" time="0"/>
  <testcase name="Scenario: Verify Create Editorial Version" classname="Scenario: Verify Create Editorial Version" time="0.001"/>
  <testcase name="Given I create an Editorial Version" classname="Scenario: Verify Get Editorial Version" time="0.001"/>
  <testcase name="When I make a get request for that Editorial Version" classname="Scenario: Verify Get Editorial Version" time="0"/>
  <testcase name="Then I should get the Editorial Version with the required details" classname="Scenario: Verify Get Editorial Version" time="0.001"/>
  <testcase name="Scenario: Verify Get Editorial Version" classname="Scenario: Verify Get Editorial Version" time="0.001"/>
</testsuite>